mode: set
github.com/aag2807/adamo-framework/render/render.go:34.113,37.20 2 1
github.com/aag2807/adamo-framework/render/render.go:45.2,45.12 1 0
github.com/aag2807/adamo-framework/render/render.go:38.12,39.38 1 1
github.com/aag2807/adamo-framework/render/render.go:40.13,41.50 1 1
github.com/aag2807/adamo-framework/render/render.go:42.15,42.15 0 0
github.com/aag2807/adamo-framework/render/render.go:49.104,53.16 4 1
github.com/aag2807/adamo-framework/render/render.go:57.2,58.17 2 1
github.com/aag2807/adamo-framework/render/render.go:62.2,63.16 2 1
github.com/aag2807/adamo-framework/render/render.go:67.2,67.12 1 1
github.com/aag2807/adamo-framework/render/render.go:53.16,55.3 1 0
github.com/aag2807/adamo-framework/render/render.go:58.17,60.3 1 0
github.com/aag2807/adamo-framework/render/render.go:63.16,65.3 1 0
github.com/aag2807/adamo-framework/render/render.go:71.124,74.22 2 1
github.com/aag2807/adamo-framework/render/render.go:80.2,81.17 2 1
github.com/aag2807/adamo-framework/render/render.go:85.2,87.16 3 1
github.com/aag2807/adamo-framework/render/render.go:92.2,92.52 1 1
github.com/aag2807/adamo-framework/render/render.go:97.2,97.12 1 1
github.com/aag2807/adamo-framework/render/render.go:74.22,76.3 1 1
github.com/aag2807/adamo-framework/render/render.go:76.8,78.3 1 0
github.com/aag2807/adamo-framework/render/render.go:81.17,83.3 1 0
github.com/aag2807/adamo-framework/render/render.go:87.16,90.3 2 0
github.com/aag2807/adamo-framework/render/render.go:92.52,95.3 2 0
